#
# There is insufficient memory for the Java Runtime Environment to continue.
# Native memory allocation (malloc) failed to allocate 4194320 bytes for Chunk::new
# Possible reasons:
#   The system is out of physical RAM or swap space
#   In 32 bit mode, the process size limit was hit
# Possible solutions:
#   Reduce memory load on the system
#   Increase physical memory or swap space
#   Check if swap backing store is full
#   Use 64 bit Java on a 64 bit OS
#   Decrease Java heap size (-Xmx/-Xms)
#   Decrease number of Java threads
#   Decrease Java thread stack sizes (-Xss)
#   Set larger code cache with -XX:ReservedCodeCacheSize=
# This output file may be truncated or incomplete.
#
#  Out of Memory Error (allocation.cpp:323), pid=5296, tid=3792
#
# JRE version: Java(TM) SE Runtime Environment (7.0_79-b15) (build 1.7.0_79-b15)
# Java VM: Java HotSpot(TM) 64-Bit Server VM (24.79-b02 mixed mode windows-amd64 compressed oops)
# Failed to write core dump. Minidumps are not enabled by default on client versions of Windows
#

---------------  T H R E A D  ---------------

Current thread (0x0000000009182800):  JavaThread "C2 CompilerThread0" daemon [_thread_in_native, id=3792, stack(0x000000000a700000,0x000000000a800000)]

Stack: [0x000000000a700000,0x000000000a800000]

Current CompileTask:
C2:4797716 2146             com.android.ide.common.res2.NodeUtils::updateNamespace (161 bytes)


---------------  P R O C E S S  ---------------

Java Threads: ( => current thread )
  0x000000000abef800 JavaThread "pool-1-thread-1" [_thread_blocked, id=4892, stack(0x000000000e1a0000,0x000000000e2a0000)]
  0x000000000abec000 JavaThread "Daemon worker Thread 4" [_thread_blocked, id=828, stack(0x000000000ced0000,0x000000000cfd0000)]
  0x000000000abee000 JavaThread "Cancel handler" [_thread_blocked, id=4284, stack(0x000000000cdd0000,0x000000000ced0000)]
  0x000000000abed800 JavaThread "Handler for socket connection from /127.0.0.1:55433 to /127.0.0.1:50496" [_thread_in_native, id=5668, stack(0x000000000ccd0000,0x000000000cdd0000)]
  0x000000000abeb000 JavaThread "Daemon Thread 4" [_thread_blocked, id=1568, stack(0x000000000cbd0000,0x000000000ccd0000)]
  0x000000000abf2000 JavaThread "File lock request listener" [_thread_in_native, id=2444, stack(0x000000000d0d0000,0x000000000d1d0000)]
  0x000000000abec800 JavaThread "Incoming local TCP Connector on port 55433" [_thread_in_native, id=6444, stack(0x000000000b700000,0x000000000b800000)]
  0x00000000091a4800 JavaThread "Service Thread" daemon [_thread_blocked, id=4920, stack(0x000000000a900000,0x000000000aa00000)]
  0x0000000009184800 JavaThread "C2 CompilerThread1" daemon [_thread_blocked, id=2752, stack(0x000000000a800000,0x000000000a900000)]
=>0x0000000009182800 JavaThread "C2 CompilerThread0" daemon [_thread_in_native, id=3792, stack(0x000000000a700000,0x000000000a800000)]
  0x0000000009181800 JavaThread "Attach Listener" daemon [_thread_blocked, id=288, stack(0x000000000a600000,0x000000000a700000)]
  0x000000000917e800 JavaThread "Signal Dispatcher" daemon [_thread_blocked, id=1796, stack(0x000000000a500000,0x000000000a600000)]
  0x0000000009149000 JavaThread "Finalizer" daemon [_thread_blocked, id=636, stack(0x000000000a400000,0x000000000a500000)]
  0x0000000009145800 JavaThread "Reference Handler" daemon [_thread_blocked, id=7024, stack(0x000000000a300000,0x000000000a400000)]
  0x0000000002b50800 JavaThread "main" [_thread_blocked, id=3436, stack(0x0000000002a20000,0x0000000002b20000)]

Other Threads:
  0x0000000009141800 VMThread [stack: 0x000000000a200000,0x000000000a300000] [id=5828]
  0x00000000091af000 WatcherThread [stack: 0x000000000aa00000,0x000000000ab00000] [id=1880]

VM state:at safepoint (normal execution)

VM Mutex/Monitor currently owned by a thread:  ([mutex/lock_event])
[0x0000000002b4c450] Safepoint_lock - owner thread: 0x0000000009141800
[0x0000000002b4bad0] Threads_lock - owner thread: 0x0000000009141800

Heap
 PSYoungGen      total 316928K, used 131813K [0x00000000eaa80000, 0x0000000100000000, 0x0000000100000000)
  eden space 283648K, 46% used [0x00000000eaa80000,0x00000000f2b39440,0x00000000fbf80000)
  from space 33280K, 0% used [0x00000000fdf80000,0x00000000fdf80000,0x0000000100000000)
  to   space 32768K, 0% used [0x00000000fbf80000,0x00000000fbf80000,0x00000000fdf80000)
 ParOldGen       total 119296K, used 56177K [0x00000000c0000000, 0x00000000c7480000, 0x00000000eaa80000)
  object space 119296K, 47% used [0x00000000c0000000,0x00000000c36dc5c8,0x00000000c7480000)
 PSPermGen       total 96256K, used 57753K [0x00000000b0000000, 0x00000000b5e00000, 0x00000000c0000000)
  object space 96256K, 59% used [0x00000000b0000000,0x00000000b38664f8,0x00000000b5e00000)

Card table byte_map: [0x0000000005d10000,0x0000000005fa0000] byte_map_base: 0x0000000005790000

Polling page: 0x0000000001120000

Code Cache  [0x0000000002c50000, 0x0000000003400000, 0x0000000005c50000)
 total_blobs=2605 nmethods=1953 adapters=603 free_code_cache=41405Kb largest_free_block=42283456

Compilation events (10 events):
Event: 4795.588 Thread 0x0000000009184800 nmethod 2156 0x000000000323b450 code [0x000000000323b5e0, 0x000000000323b998]
Event: 4795.588 Thread 0x0000000009184800 2157             com.sun.org.apache.xerces.internal.dom.ParentNode::setOwnerDocument (44 bytes)
Event: 4795.593 Thread 0x0000000009184800 nmethod 2157 0x00000000030fd310 code [0x00000000030fd460, 0x00000000030fd598]
Event: 4795.593 Thread 0x0000000009184800 2158             com.sun.org.apache.xerces.internal.dom.CoreDocumentImpl::undeferChildren (146 bytes)
Event: 4795.636 Thread 0x0000000009184800 nmethod 2158 0x000000000323c050 code [0x000000000323c240, 0x000000000323cc68]
Event: 4795.636 Thread 0x0000000009184800 2159             com.sun.org.apache.xerces.internal.dom.NamedNodeMapImpl::getLength (21 bytes)
Event: 4795.638 Thread 0x0000000009184800 nmethod 2159 0x000000000323bdd0 code [0x000000000323bf20, 0x000000000323bfb8]
Event: 4795.638 Thread 0x0000000009184800 2160             com.sun.org.apache.xerces.internal.dom.AttributeMap::reconcileDefaults (209 bytes)
Event: 4795.647 Thread 0x0000000009184800 nmethod 2160 0x000000000323ae10 code [0x000000000323af80, 0x000000000323b168]
Event: 4795.647 Thread 0x0000000009184800 2161             com.android.ide.common.res2.NodeUtils::processSingleNodeNamespace (114 bytes)

GC Heap History (10 events):
Event: 1283.339 GC heap before
{Heap before GC invocations=18 (full 4):
 PSYoungGen      total 233472K, used 66583K [0x00000000eaa80000, 0x00000000ff600000, 0x0000000100000000)
  eden space 205312K, 32% used [0x00000000eaa80000,0x00000000eeb85d60,0x00000000f7300000)
  from space 28160K, 0% used [0x00000000f7300000,0x00000000f7300000,0x00000000f8e80000)
  to   space 28160K, 0% used [0x00000000fda80000,0x00000000fda80000,0x00000000ff600000)
 ParOldGen       total 119296K, used 69309K [0x00000000c0000000, 0x00000000c7480000, 0x00000000eaa80000)
  object space 119296K, 58% used [0x00000000c0000000,0x00000000c43af658,0x00000000c7480000)
 PSPermGen       total 100352K, used 57919K [0x00000000b0000000, 0x00000000b6200000, 0x00000000c0000000)
  object space 100352K, 57% used [0x00000000b0000000,0x00000000b388fff8,0x00000000b6200000)
Event: 1283.573 GC heap after
Heap after GC invocations=18 (full 4):
 PSYoungGen      total 272384K, used 3367K [0x00000000eaa80000, 0x00000000fe280000, 0x0000000100000000)
  eden space 264192K, 0% used [0x00000000eaa80000,0x00000000eaa80000,0x00000000fac80000)
  from space 8192K, 41% used [0x00000000fda80000,0x00000000fddc9de0,0x00000000fe280000)
  to   space 27648K, 0% used [0x00000000fac80000,0x00000000fac80000,0x00000000fc780000)
 ParOldGen       total 119296K, used 69317K [0x00000000c0000000, 0x00000000c7480000, 0x00000000eaa80000)
  object space 119296K, 58% used [0x00000000c0000000,0x00000000c43b1658,0x00000000c7480000)
 PSPermGen       total 100352K, used 57919K [0x00000000b0000000, 0x00000000b6200000, 0x00000000c0000000)
  object space 100352K, 57% used [0x00000000b0000000,0x00000000b388fff8,0x00000000b6200000)
}
Event: 1283.573 GC heap before
{Heap before GC invocations=19 (full 5):
 PSYoungGen      total 272384K, used 3367K [0x00000000eaa80000, 0x00000000fe280000, 0x0000000100000000)
  eden space 264192K, 0% used [0x00000000eaa80000,0x00000000eaa80000,0x00000000fac80000)
  from space 8192K, 41% used [0x00000000fda80000,0x00000000fddc9de0,0x00000000fe280000)
  to   space 27648K, 0% used [0x00000000fac80000,0x00000000fac80000,0x00000000fc780000)
 ParOldGen       total 119296K, used 69317K [0x00000000c0000000, 0x00000000c7480000, 0x00000000eaa80000)
  object space 119296K, 58% used [0x00000000c0000000,0x00000000c43b1658,0x00000000c7480000)
 PSPermGen       total 100352K, used 57919K [0x00000000b0000000, 0x00000000b6200000, 0x00000000c0000000)
  object space 100352K, 57% used [0x00000000b0000000,0x00000000b388fff8,0x00000000b6200000)
Event: 1285.842 GC heap after
Heap after GC invocations=19 (full 5):
 PSYoungGen      total 272384K, used 0K [0x00000000eaa80000, 0x00000000fe280000, 0x0000000100000000)
  eden space 264192K, 0% used [0x00000000eaa80000,0x00000000eaa80000,0x00000000fac80000)
  from space 8192K, 0% used [0x00000000fda80000,0x00000000fda80000,0x00000000fe280000)
  to   space 27648K, 0% used [0x00000000fac80000,0x00000000fac80000,0x00000000fc780000)
 ParOldGen       total 119296K, used 47964K [0x00000000c0000000, 0x00000000c7480000, 0x00000000eaa80000)
  object space 119296K, 40% used [0x00000000c0000000,0x00000000c2ed7390,0x00000000c7480000)
 PSPermGen       total 98304K, used 56622K [0x00000000b0000000, 0x00000000b6000000, 0x00000000c0000000)
  object space 98304K, 57% used [0x00000000b0000000,0x00000000b374ba28,0x00000000b6000000)
}
Event: 1843.536 GC heap before
{Heap before GC invocations=20 (full 5):
 PSYoungGen      total 272384K, used 264192K [0x00000000eaa80000, 0x00000000fe280000, 0x0000000100000000)
  eden space 264192K, 100% used [0x00000000eaa80000,0x00000000fac80000,0x00000000fac80000)
  from space 8192K, 0% used [0x00000000fda80000,0x00000000fda80000,0x00000000fe280000)
  to   space 27648K, 0% used [0x00000000fac80000,0x00000000fac80000,0x00000000fc780000)
 ParOldGen       total 119296K, used 47964K [0x00000000c0000000, 0x00000000c7480000, 0x00000000eaa80000)
  object space 119296K, 40% used [0x00000000c0000000,0x00000000c2ed7390,0x00000000c7480000)
 PSPermGen       total 98304K, used 57187K [0x00000000b0000000, 0x00000000b6000000, 0x00000000c0000000)
  object space 98304K, 58% used [0x00000000b0000000,0x00000000b37d8fb0,0x00000000b6000000)
Event: 1843.710 GC heap after
Heap after GC invocations=20 (full 5):
 PSYoungGen      total 291840K, used 27639K [0x00000000eaa80000, 0x0000000100000000, 0x0000000100000000)
  eden space 264192K, 0% used [0x00000000eaa80000,0x00000000eaa80000,0x00000000fac80000)
  from space 27648K, 99% used [0x00000000fac80000,0x00000000fc77dfc0,0x00000000fc780000)
  to   space 33280K, 0% used [0x00000000fdf80000,0x00000000fdf80000,0x0000000100000000)
 ParOldGen       total 119296K, used 50011K [0x00000000c0000000, 0x00000000c7480000, 0x00000000eaa80000)
  object space 119296K, 41% used [0x00000000c0000000,0x00000000c30d6c10,0x00000000c7480000)
 PSPermGen       total 98304K, used 57187K [0x00000000b0000000, 0x00000000b6000000, 0x00000000c0000000)
  object space 98304K, 58% used [0x00000000b0000000,0x00000000b37d8fb0,0x00000000b6000000)
}
Event: 1872.011 GC heap before
{Heap before GC invocations=21 (full 5):
 PSYoungGen      total 291840K, used 89793K [0x00000000eaa80000, 0x0000000100000000, 0x0000000100000000)
  eden space 264192K, 23% used [0x00000000eaa80000,0x00000000ee732670,0x00000000fac80000)
  from space 27648K, 99% used [0x00000000fac80000,0x00000000fc77dfc0,0x00000000fc780000)
  to   space 33280K, 0% used [0x00000000fdf80000,0x00000000fdf80000,0x0000000100000000)
 ParOldGen       total 119296K, used 50011K [0x00000000c0000000, 0x00000000c7480000, 0x00000000eaa80000)
  object space 119296K, 41% used [0x00000000c0000000,0x00000000c30d6c10,0x00000000c7480000)
 PSPermGen       total 98304K, used 57217K [0x00000000b0000000, 0x00000000b6000000, 0x00000000c0000000)
  object space 98304K, 58% used [0x00000000b0000000,0x00000000b37e0450,0x00000000b6000000)
Event: 1872.087 GC heap after
Heap after GC invocations=21 (full 5):
 PSYoungGen      total 316928K, used 1120K [0x00000000eaa80000, 0x0000000100000000, 0x0000000100000000)
  eden space 283648K, 0% used [0x00000000eaa80000,0x00000000eaa80000,0x00000000fbf80000)
  from space 33280K, 3% used [0x00000000fdf80000,0x00000000fe098000,0x0000000100000000)
  to   space 32768K, 0% used [0x00000000fbf80000,0x00000000fbf80000,0x00000000fdf80000)
 ParOldGen       total 119296K, used 70449K [0x00000000c0000000, 0x00000000c7480000, 0x00000000eaa80000)
  object space 119296K, 59% used [0x00000000c0000000,0x00000000c44cc680,0x00000000c7480000)
 PSPermGen       total 98304K, used 57217K [0x00000000b0000000, 0x00000000b6000000, 0x00000000c0000000)
  object space 98304K, 58% used [0x00000000b0000000,0x00000000b37e0450,0x00000000b6000000)
}
Event: 1872.087 GC heap before
{Heap before GC invocations=22 (full 6):
 PSYoungGen      total 316928K, used 1120K [0x00000000eaa80000, 0x0000000100000000, 0x0000000100000000)
  eden space 283648K, 0% used [0x00000000eaa80000,0x00000000eaa80000,0x00000000fbf80000)
  from space 33280K, 3% used [0x00000000fdf80000,0x00000000fe098000,0x0000000100000000)
  to   space 32768K, 0% used [0x00000000fbf80000,0x00000000fbf80000,0x00000000fdf80000)
 ParOldGen       total 119296K, used 70449K [0x00000000c0000000, 0x00000000c7480000, 0x00000000eaa80000)
  object space 119296K, 59% used [0x00000000c0000000,0x00000000c44cc680,0x00000000c7480000)
 PSPermGen       total 98304K, used 57217K [0x00000000b0000000, 0x00000000b6000000, 0x00000000c0000000)
  object space 98304K, 58% used [0x00000000b0000000,0x00000000b37e0450,0x00000000b6000000)
Event: 1874.023 GC heap after
Heap after GC invocations=22 (full 6):
 PSYoungGen      total 316928K, used 0K [0x00000000eaa80000, 0x0000000100000000, 0x0000000100000000)
  eden space 283648K, 0% used [0x00000000eaa80000,0x00000000eaa80000,0x00000000fbf80000)
  from space 33280K, 0% used [0x00000000fdf80000,0x00000000fdf80000,0x0000000100000000)
  to   space 32768K, 0% used [0x00000000fbf80000,0x00000000fbf80000,0x00000000fdf80000)
 ParOldGen       total 119296K, used 56177K [0x00000000c0000000, 0x00000000c7480000, 0x00000000eaa80000)
  object space 119296K, 47% used [0x00000000c0000000,0x00000000c36dc5c8,0x00000000c7480000)
 PSPermGen       total 96256K, used 57215K [0x00000000b0000000, 0x00000000b5e00000, 0x00000000c0000000)
  object space 96256K, 59% used [0x00000000b0000000,0x00000000b37dfc90,0x00000000b5e00000)
}

Deoptimization events (10 events):
Event: 4787.563 Thread 0x000000000abec000 Uncommon trap: reason=unreached action=reinterpret pc=0x000000000322d53c method=com.sun.org.apache.xerces.internal.dom.DeferredDocumentImpl.clearChunkValue([[Ljava/lang/Object;II)Ljava/lang/String; @ 3
Event: 4787.612 Thread 0x000000000abec000 Uncommon trap: reason=unreached action=reinterpret pc=0x00000000033d150c method=com.sun.org.apache.xerces.internal.dom.DeferredDocumentImpl.clearChunkValue([[Ljava/lang/Object;II)Ljava/lang/String; @ 3
Event: 4787.616 Thread 0x000000000abec000 Uncommon trap: reason=unreached action=reinterpret pc=0x00000000031d7704 method=com.sun.org.apache.xerces.internal.dom.DeferredDocumentImpl.clearChunkValue([[Ljava/lang/Object;II)Ljava/lang/String; @ 3
Event: 4789.710 Thread 0x000000000abec000 Uncommon trap: reason=unreached action=reinterpret pc=0x0000000002cd66fc method=com.sun.org.apache.xerces.internal.dom.DeferredDocumentImpl.clearChunkValue([[Ljava/lang/Object;II)Ljava/lang/String; @ 3
Event: 4789.767 Thread 0x000000000abec000 Uncommon trap: reason=unreached action=reinterpret pc=0x0000000002e624e4 method=com.sun.org.apache.xerces.internal.dom.DeferredDocumentImpl.clearChunkValue([[Ljava/lang/Object;II)Ljava/lang/String; @ 3
Event: 4794.887 Thread 0x000000000abec000 Uncommon trap: reason=bimorphic action=maybe_recompile pc=0x00000000033e1f94 method=com.sun.org.apache.xerces.internal.dom.CoreDocumentImpl.undeferChildren(Lorg/w3c/dom/Node;)V @ 114
Event: 4794.888 Thread 0x000000000abec000 Uncommon trap: reason=bimorphic action=maybe_recompile pc=0x00000000033e1f94 method=com.sun.org.apache.xerces.internal.dom.CoreDocumentImpl.undeferChildren(Lorg/w3c/dom/Node;)V @ 114
Event: 4794.911 Thread 0x000000000abec000 Uncommon trap: reason=bimorphic action=maybe_recompile pc=0x00000000033e219c method=com.sun.org.apache.xerces.internal.dom.CoreDocumentImpl.undeferChildren(Lorg/w3c/dom/Node;)V @ 21
Event: 4794.916 Thread 0x000000000abec000 Uncommon trap: reason=bimorphic action=maybe_recompile pc=0x00000000033e1f94 method=com.sun.org.apache.xerces.internal.dom.CoreDocumentImpl.undeferChildren(Lorg/w3c/dom/Node;)V @ 114
Event: 4795.117 Thread 0x000000000abec000 Uncommon trap: reason=null_check action=make_not_entrant pc=0x00000000033d8064 method=com.android.ide.common.res2.NodeUtils.processSingleNodeNamespace(Lorg/w3c/dom/Node;Lorg/w3c/dom/Document;)Z @ 8

Internal exceptions (10 events):
Event: 4785.813 Thread 0x000000000abec000 Threw 0x00000000f1b8d5c0 at C:\re\jdk7u79\2331\hotspot\src\share\vm\prims\jvm.cpp:1304
Event: 4786.024 Thread 0x000000000abec000 Threw 0x00000000f1cd0018 at C:\re\jdk7u79\2331\hotspot\src\share\vm\prims\jvm.cpp:1304
Event: 4787.129 Thread 0x000000000abec000 Threw 0x00000000f2922d98 at C:\re\jdk7u79\2331\hotspot\src\share\vm\prims\jvm.cpp:1304
Event: 4787.349 Thread 0x000000000abec000 Implicit null exception at 0x0000000003257852 to 0x00000000032592e1
Event: 4787.563 Thread 0x000000000abec000 Implicit null exception at 0x000000000322ce7a to 0x000000000322d511
Event: 4787.612 Thread 0x000000000abec000 Implicit null exception at 0x00000000033d0e10 to 0x00000000033d14e1
Event: 4787.616 Thread 0x000000000abec000 Implicit null exception at 0x00000000031d75ac to 0x00000000031d76e9
Event: 4789.710 Thread 0x000000000abec000 Implicit null exception at 0x0000000002cd6598 to 0x0000000002cd66e1
Event: 4789.767 Thread 0x000000000abec000 Implicit null exception at 0x0000000002e6238e to 0x0000000002e624c9
Event: 4795.116 Thread 0x000000000abec000 Implicit null exception at 0x00000000033d679b to 0x00000000033d8055

Events (10 events):
Event: 4794.888 Thread 0x000000000abec000 DEOPT UNPACKING pc=0x0000000002c875a4 sp=0x000000000cfcc368 mode 2
Event: 4794.911 Thread 0x000000000abec000 Uncommon trap: trap_request=0xffffffc6 fr.pc=0x00000000033e219c
Event: 4794.911 Thread 0x000000000abec000 DEOPT PACKING pc=0x00000000033e219c sp=0x000000000cfcc320
Event: 4794.911 Thread 0x000000000abec000 DEOPT UNPACKING pc=0x0000000002c875a4 sp=0x000000000cfcc368 mode 2
Event: 4794.916 Thread 0x000000000abec000 Uncommon trap: trap_request=0xffffffc6 fr.pc=0x00000000033e1f94
Event: 4794.916 Thread 0x000000000abec000 DEOPT PACKING pc=0x00000000033e1f94 sp=0x000000000cfcc320
Event: 4794.916 Thread 0x000000000abec000 DEOPT UNPACKING pc=0x0000000002c875a4 sp=0x000000000cfcc368 mode 2
Event: 4795.116 Thread 0x000000000abec000 Uncommon trap: trap_request=0xfffffff4 fr.pc=0x00000000033d8064
Event: 4795.117 Thread 0x000000000abec000 DEOPT PACKING pc=0x00000000033d8064 sp=0x000000000cfcc2f0
Event: 4795.117 Thread 0x000000000abec000 DEOPT UNPACKING pc=0x0000000002c875a4 sp=0x000000000cfcc2f0 mode 2


Dynamic libraries:
0x00007ff7fce70000 - 0x00007ff7fcea3000 	C:\Program Files\Java\jdk1.7.0_79\bin\java.exe
0x00007ffcfb6e0000 - 0x00007ffcfb88d000 	C:\Windows\SYSTEM32\ntdll.dll
0x00007ffcfb100000 - 0x00007ffcfb23e000 	C:\Windows\system32\KERNEL32.DLL
0x00007ffcf8c40000 - 0x00007ffcf8d55000 	C:\Windows\system32\KERNELBASE.dll
0x00007ffcf73d0000 - 0x00007ffcf745e000 	C:\Windows\system32\apphelp.dll
0x00007ffce3970000 - 0x00007ffce39c3000 	C:\Windows\AppPatch\AppPatch64\AcGenral.DLL
0x00007ffcfb5d0000 - 0x00007ffcfb67a000 	C:\Windows\system32\msvcrt.dll
0x00007ffcf8600000 - 0x00007ffcf862e000 	C:\Windows\SYSTEM32\SspiCli.dll
0x00007ffcfb680000 - 0x00007ffcfb6d4000 	C:\Windows\system32\SHLWAPI.dll
0x00007ffcfb390000 - 0x00007ffcfb507000 	C:\Windows\system32\USER32.dll
0x00007ffcf98a0000 - 0x00007ffcf9a34000 	C:\Windows\system32\ole32.dll
0x00007ffcf9bd0000 - 0x00007ffcfb0fa000 	C:\Windows\system32\SHELL32.dll
0x00007ffcf7dd0000 - 0x00007ffcf7df1000 	C:\Windows\SYSTEM32\USERENV.dll
0x00007ffcf8ea0000 - 0x00007ffcf8f4a000 	C:\Windows\system32\ADVAPI32.dll
0x00007ffcf4880000 - 0x00007ffcf489e000 	C:\Windows\SYSTEM32\MPR.dll
0x00007ffcf9750000 - 0x00007ffcf9891000 	C:\Windows\system32\RPCRT4.dll
0x00007ffcf9400000 - 0x00007ffcf9459000 	C:\Windows\SYSTEM32\sechost.dll
0x00007ffcf9530000 - 0x00007ffcf9741000 	C:\Windows\SYSTEM32\combase.dll
0x00007ffcfb240000 - 0x00007ffcfb390000 	C:\Windows\system32\GDI32.dll
0x00007ffcf8830000 - 0x00007ffcf8845000 	C:\Windows\SYSTEM32\profapi.dll
0x00007ffcf57d0000 - 0x00007ffcf5882000 	C:\Windows\SYSTEM32\SHCORE.dll
0x00007ffcf93c0000 - 0x00007ffcf93f6000 	C:\Windows\system32\IMM32.DLL
0x00007ffcf9a40000 - 0x00007ffcf9b92000 	C:\Windows\system32\MSCTF.dll
0x00007ffcf4980000 - 0x00007ffcf4bfb000 	C:\Windows\WinSxS\amd64_microsoft.windows.common-controls_6595b64144ccf1df_6.0.9600.18006_none_623f33d3ecbe86e8\COMCTL32.dll
0x00000000683a0000 - 0x0000000068472000 	C:\Program Files\Java\jdk1.7.0_79\jre\bin\msvcr100.dll
0x00000000673b0000 - 0x0000000067b85000 	C:\Program Files\Java\jdk1.7.0_79\jre\bin\server\jvm.dll
0x00007ffcf3180000 - 0x00007ffcf3189000 	C:\Windows\SYSTEM32\WSOCK32.dll
0x00007ffcf42f0000 - 0x00007ffcf4312000 	C:\Windows\SYSTEM32\WINMM.dll
0x00007ffcf8d60000 - 0x00007ffcf8d67000 	C:\Windows\system32\PSAPI.DLL
0x00007ffcf8dd0000 - 0x00007ffcf8e2a000 	C:\Windows\system32\WS2_32.dll
0x00007ffcf4190000 - 0x00007ffcf41ba000 	C:\Windows\SYSTEM32\WINMMBASE.dll
0x00007ffcf8f60000 - 0x00007ffcf8f69000 	C:\Windows\system32\NSI.dll
0x00007ffcf8900000 - 0x00007ffcf894f000 	C:\Windows\SYSTEM32\cfgmgr32.dll
0x00007ffcf7620000 - 0x00007ffcf7648000 	C:\Windows\SYSTEM32\DEVOBJ.dll
0x00000000693c0000 - 0x00000000693cf000 	C:\Program Files\Java\jdk1.7.0_79\jre\bin\verify.dll
0x00000000687f0000 - 0x0000000068818000 	C:\Program Files\Java\jdk1.7.0_79\jre\bin\java.dll
0x00000000687d0000 - 0x00000000687e5000 	C:\Program Files\Java\jdk1.7.0_79\jre\bin\zip.dll
0x00000000687b0000 - 0x00000000687ca000 	C:\Program Files\Java\jdk1.7.0_79\jre\bin\net.dll
0x00007ffcf8040000 - 0x00007ffcf8099000 	C:\Windows\system32\mswsock.dll
0x0000000068790000 - 0x00000000687a1000 	C:\Program Files\Java\jdk1.7.0_79\jre\bin\nio.dll
0x00007ffcea590000 - 0x00007ffcea5a2000 	C:\Users\AWstreams13\.gradle\native\19\windows-amd64\native-platform.dll
0x00007ffcf2f70000 - 0x00007ffcf2f9a000 	C:\Windows\SYSTEM32\IPHLPAPI.DLL
0x00007ffcf2f60000 - 0x00007ffcf2f6a000 	C:\Windows\SYSTEM32\WINNSI.DLL
0x00007ffcf2360000 - 0x00007ffcf2376000 	C:\Windows\SYSTEM32\dhcpcsvc6.DLL
0x00007ffcf2570000 - 0x00007ffcf258a000 	C:\Windows\SYSTEM32\dhcpcsvc.DLL
0x00007ffcf80a0000 - 0x00007ffcf80c0000 	C:\Windows\SYSTEM32\CRYPTSP.dll
0x00007ffcf7cc0000 - 0x00007ffcf7cf6000 	C:\Windows\system32\rsaenh.dll
0x00007ffcf82f0000 - 0x00007ffcf8316000 	C:\Windows\SYSTEM32\bcrypt.dll
0x00007ffcf8630000 - 0x00007ffcf8693000 	C:\Windows\system32\bcryptprimitives.dll
0x00007ffcf86a0000 - 0x00007ffcf86ab000 	C:\Windows\SYSTEM32\CRYPTBASE.dll
0x0000000068590000 - 0x000000006859b000 	C:\Program Files\Java\jdk1.7.0_79\jre\bin\management.dll

VM Arguments:
jvm_args: -XX:MaxPermSize=256m -XX:+HeapDumpOnOutOfMemoryError -Xmx1024m -Dfile.encoding=windows-1256 -Duser.country=US -Duser.language=en -Duser.variant 
java_command: org.gradle.launcher.daemon.bootstrap.GradleDaemon 2.8
Launcher Type: SUN_STANDARD

Environment Variables:
PATH=C:\Windows\system32;C:\Windows;C:\Windows\System32\Wbem;C:\Windows\System32\WindowsPowerShell\v1.0\
USERNAME=AWstreams13
OS=Windows_NT
PROCESSOR_IDENTIFIER=Intel64 Family 6 Model 69 Stepping 1, GenuineIntel



---------------  S Y S T E M  ---------------

OS: Windows 8.1 , 64 bit Build 9600 

CPU:total 4 (2 cores per cpu, 2 threads per core) family 6 model 69 stepping 1, cmov, cx8, fxsr, mmx, sse, sse2, sse3, ssse3, sse4.1, sse4.2, popcnt, avx, avx2, aes, erms, ht, tsc, tscinvbit

Memory: 4k page, physical 4095984k(334932k free), swap 7241712k(4816k free)

vm_info: Java HotSpot(TM) 64-Bit Server VM (24.79-b02) for windows-amd64 JRE (1.7.0_79-b15), built on Apr 10 2015 12:36:16 by "java_re" with unknown MS VC++:1600

time: Mon Feb 15 17:49:37 2016
elapsed time: 4797 seconds

